<?xml version="1.0" encoding="UTF-8"?>
<testng-results ignored="0" total="1" passed="1" failed="0" skipped="0">
  <reporter-output>
  </reporter-output>
  <suite started-at="2020-09-04T00:18:52Z" name="Default suite" finished-at="2020-09-04T00:18:52Z" duration-ms="32">
    <groups>
    </groups>
    <test started-at="2020-09-04T00:18:52Z" name="Default test" finished-at="2020-09-04T00:18:52Z" duration-ms="32">
      <class name="com.qa.tests.TestJava">
        <test-method signature="testJava()[pri:0, instance:com.qa.tests.TestJava@783a467b]" started-at="2020-09-04T00:18:52Z" name="testJava" finished-at="2020-09-04T00:18:52Z" duration-ms="10" status="PASS">
          <reporter-output>
          </reporter-output>
        </test-method> <!-- testJava -->
      </class> <!-- com.qa.tests.TestJava -->
    </test> <!-- Default test -->
  </suite> <!-- Default suite -->
</testng-results>
